<?xml version="1.0" encoding="UTF-8"?>
<!-- Generated by org.testng.reporters.JUnitReportReporter -->
<testsuite hostname="DESKTOP-THIB5CD" failures="0" tests="1" name="RunnerTests.RunnerTest" time="52.610" errors="0" timestamp="2024-05-01T14:00:20 IST" skipped="0">
  <testcase classname="RunnerTests.RunnerTest" name="runScenario" time="52.610"/>
  <system-out/>
</testsuite> <!-- RunnerTests.RunnerTest -->
