<?xml version="1.0" encoding="UTF-8"?>
<!-- Generated by org.testng.reporters.JUnitReportReporter -->
<testsuite hostname="DESKTOP-THIB5CD" failures="0" tests="1" name="RunnerTests.RunnerTest" time="49.355" errors="0" timestamp="2024-05-01T14:38:45 IST" skipped="0">
  <testcase classname="RunnerTests.RunnerTest" name="runScenario" time="49.355"/>
</testsuite> <!-- RunnerTests.RunnerTest -->
