<?xml version="1.0" encoding="UTF-8"?>
<!-- Generated by org.testng.reporters.JUnitReportReporter -->
<testsuite hostname="DESKTOP-THIB5CD" failures="0" tests="1" name="RunnerTests.RunnerTest" time="78.780" errors="0" timestamp="2024-05-02T20:45:04 IST" skipped="0">
  <testcase classname="RunnerTests.RunnerTest" name="runScenario" time="78.780"/>
</testsuite> <!-- RunnerTests.RunnerTest -->
